<?xml version="1.0" encoding="UTF-8"?>
<!-- Generated by org.testng.reporters.JUnitXMLReporter -->
<testsuite hostname="ULTP_162" name="Test_HomePage" tests="4" failures="0" timestamp="16 Sep 2014 05:56:46 GMT" time="0.583" errors="0">
  <testcase name="checkLogoTest" time="0.177" classname="com.synerzip.rezoomex.tests.directory.Test_HomePage"/>
  <testcase name="checkRezoomexTextTest" time="0.068" classname="com.synerzip.rezoomex.tests.directory.Test_HomePage"/>
  <testcase name="checkTalentTextTest" time="0.069" classname="com.synerzip.rezoomex.tests.directory.Test_HomePage"/>
  <testcase name="checkTextBoxTest" time="0.134" classname="com.synerzip.rezoomex.tests.directory.Test_HomePage"/>
</testsuite> <!-- Test_HomePage -->
