<?xml version="1.0" encoding="UTF-8"?>
<testng-results skipped="0" failed="0" total="2" passed="2">
  <reporter-output>
  </reporter-output>
  <suite name="CAS" duration-ms="826469" started-at="2014-11-14T11:36:31Z" finished-at="2014-11-14T11:50:17Z">
    <groups>
    </groups>
    <test name="Test_Search" duration-ms="534001" started-at="2014-11-14T11:36:31Z" finished-at="2014-11-14T11:45:25Z">
      <class name="com.synerzip.rezoomex.tests.search.Test_Search">
        <test-method status="PASS" signature="searchCount()[pri:0, instance:com.synerzip.rezoomex.tests.search.Test_Search@b2c5e07]" name="searchCount" duration-ms="533889" started-at="2014-11-14T17:06:31Z" finished-at="2014-11-14T17:15:25Z">
          <reporter-output>
          </reporter-output>
        </test-method> <!-- searchCount -->
        <test-method status="PASS" signature="getResult(org.testng.ITestResult)[pri:0, instance:com.synerzip.rezoomex.tests.search.Test_Search@b2c5e07]" name="getResult" is-config="true" duration-ms="0" started-at="2014-11-14T17:15:25Z" finished-at="2014-11-14T17:15:25Z">
          <params>
            <param index="0">
              <value>
                <![CDATA[[TestResult name=searchCount status=SUCCESS method=Test_Search.searchCount()[pri:0, instance:com.synerzip.rezoomex.tests.search.Test_Search@b2c5e07] output={null}]]]>
              </value>
            </param>
          </params>
          <reporter-output>
          </reporter-output>
        </test-method> <!-- getResult -->
      </class> <!-- com.synerzip.rezoomex.tests.search.Test_Search -->
    </test> <!-- Test_Search -->
    <test name="Test_Highlight" duration-ms="292438" started-at="2014-11-14T11:45:25Z" finished-at="2014-11-14T11:50:17Z">
      <class name="com.synerzip.rezoomex.tests.search.Test_SearchHighlight">
        <test-method status="PASS" signature="searchCount()[pri:0, instance:com.synerzip.rezoomex.tests.search.Test_SearchHighlight@40db2a24]" name="searchCount" duration-ms="292428" started-at="2014-11-14T17:15:25Z" finished-at="2014-11-14T17:20:17Z">
          <reporter-output>
          </reporter-output>
        </test-method> <!-- searchCount -->
        <test-method status="PASS" signature="getResult(org.testng.ITestResult)[pri:0, instance:com.synerzip.rezoomex.tests.search.Test_SearchHighlight@40db2a24]" name="getResult" is-config="true" duration-ms="0" started-at="2014-11-14T17:20:17Z" finished-at="2014-11-14T17:20:17Z">
          <params>
            <param index="0">
              <value>
                <![CDATA[[TestResult name=searchCount status=SUCCESS method=Test_SearchHighlight.searchCount()[pri:0, instance:com.synerzip.rezoomex.tests.search.Test_SearchHighlight@40db2a24] output={null}]]]>
              </value>
            </param>
          </params>
          <reporter-output>
          </reporter-output>
        </test-method> <!-- getResult -->
      </class> <!-- com.synerzip.rezoomex.tests.search.Test_SearchHighlight -->
    </test> <!-- Test_Highlight -->
  </suite> <!-- CAS -->
</testng-results>
