<?xml version="1.0" encoding="UTF-8"?>
<!-- Generated by org.testng.reporters.JUnitXMLReporter -->
<testsuite hostname="ULTP_162" name="Test_HomePage" tests="4" failures="1" timestamp="14 Nov 2014 11:34:50 GMT" time="0.01" errors="0">
  <testcase name="@AfterMethod getResult" time="0.0" classname="com.synerzip.rezoomex.tests.search.Test_HomePage">
    <failure type="java.lang.NullPointerException">
      <![CDATA[java.lang.NullPointerException
	at com.synerzip.rezoomex.util.TestUtil.takeScreenShot(TestUtil.java:34)
	at com.synerzip.rezoomex.base.TestBase.getResult(TestBase.java:463)
... Removed 26 stack frames]]>
    </failure>
  </testcase> <!-- @AfterMethod getResult -->
  <testcase name="@AfterMethod getResult" time="0.0" classname="com.synerzip.rezoomex.tests.search.Test_HomePage">
    <skipped/>
  </testcase> <!-- @AfterMethod getResult -->
  <testcase name="@AfterMethod getResult" time="0.0" classname="com.synerzip.rezoomex.tests.search.Test_HomePage">
    <skipped/>
  </testcase> <!-- @AfterMethod getResult -->
  <testcase name="@AfterMethod getResult" time="0.0" classname="com.synerzip.rezoomex.tests.search.Test_HomePage">
    <skipped/>
  </testcase> <!-- @AfterMethod getResult -->
  <testcase name="checkLogoTest" time="0.0" classname="com.synerzip.rezoomex.tests.search.Test_HomePage">
    <failure type="java.lang.NullPointerException">
      <![CDATA[java.lang.NullPointerException
	at org.openqa.selenium.support.pagefactory.DefaultElementLocator.findElement(DefaultElementLocator.java:59)
	at org.openqa.selenium.support.pagefactory.internal.LocatingElementHandler.invoke(LocatingElementHandler.java:34)
	at com.sun.proxy.$Proxy9.isDisplayed(Unknown Source)
	at com.synerzip.rezoomex.tests.search.Test_HomePage.checkLogoTest(Test_HomePage.java:66)
... Removed 24 stack frames]]>
    </failure>
  </testcase> <!-- checkLogoTest -->
  <testcase name="checkRezoomexTextTest" time="0.0" classname="com.synerzip.rezoomex.tests.search.Test_HomePage">
    <skipped/>
  </testcase> <!-- checkRezoomexTextTest -->
  <testcase name="checkTalentTextTest" time="0.0" classname="com.synerzip.rezoomex.tests.search.Test_HomePage">
    <skipped/>
  </testcase> <!-- checkTalentTextTest -->
  <testcase name="checkTextBoxTest" time="0.0" classname="com.synerzip.rezoomex.tests.search.Test_HomePage">
    <skipped/>
  </testcase> <!-- checkTextBoxTest -->
</testsuite> <!-- Test_HomePage -->
