<?xml version="1.0" encoding="UTF-8"?>
<!-- Generated by org.testng.reporters.JUnitXMLReporter -->
<testsuite hostname="ULTP_162" name="TestCase17" tests="1" failures="1" timestamp="14 Nov 2014 11:34:51 GMT" time="0.01" errors="0">
  <testcase name="@AfterMethod getResult" time="0.0" classname="com.synerzip.rezoomex.tests.search.TestCase17">
    <failure type="java.lang.NullPointerException">
      <![CDATA[java.lang.NullPointerException
	at com.synerzip.rezoomex.util.TestUtil.takeScreenShot(TestUtil.java:34)
	at com.synerzip.rezoomex.base.TestBase.getResult(TestBase.java:463)
... Removed 26 stack frames]]>
    </failure>
  </testcase> <!-- @AfterMethod getResult -->
  <testcase name="checkcreatedAssessment" time="0.0" classname="com.synerzip.rezoomex.tests.search.TestCase17">
    <failure type="java.lang.AssertionError" message="expected [true] but found [false]">
      <![CDATA[java.lang.AssertionError: expected [true] but found [false]
	at com.synerzip.rezoomex.base.TestBase.getObjectxpath(TestBase.java:362)
	at com.synerzip.rezoomex.util.SearchUtil.seachText(SearchUtil.java:23)
	at com.synerzip.rezoomex.tests.search.TestCase17.checkcreatedAssessment(TestCase17.java:40)
... Removed 27 stack frames]]>
    </failure>
  </testcase> <!-- checkcreatedAssessment -->
</testsuite> <!-- TestCase17 -->
